  Compiling CUDA source file kernel.cu...
  
  C:\Users\史孟玄\OneDrive\文件\大四\Parallel Computing\Parallel-Computing-Final-Project\CUDA_FluidSimulation>"C:\Program Files\NVIDIA GPU Computing Toolkit\CUDA\v10.2\bin\nvcc.exe" -gencode=arch=compute_30,code=\"sm_30,compute_30\" --use-local-env -ccbin "C:\Program Files (x86)\Microsoft Visual Studio\2019\Community\VC\Tools\MSVC\14.29.30037\bin\HostX86\x64" -x cu  -I"C:\Users\史孟玄\OneDrive\文件\大四\Parallel Computing\Parallel-Computing-Final-Project\CUDA_FluidSimulation\..\SFML\include" -I"C:\Program Files\NVIDIA GPU Computing Toolkit\CUDA\v10.2\include" -I"C:\Program Files\NVIDIA GPU Computing Toolkit\CUDA\v10.2\include"  -G   --keep-dir x64\Debug -maxrregcount=0  --machine 64 --compile -cudart static  -g   -DWIN32 -DWIN64 -D_DEBUG -D_CONSOLE -D_MBCS -Xcompiler "/EHsc /W3 /nologo /Od /Fdx64\Debug\vc142.pdb /FS /Zi /RTC1 /MDd " -o x64\Debug\kernel.cu.obj "C:\Users\史孟玄\OneDrive\文件\大四\Parallel Computing\Parallel-Computing-Final-Project\CUDA_FluidSimulation\kernel.cu" 
C:\Program Files\NVIDIA GPU Computing Toolkit\CUDA\v10.2\include\cuda_runtime.h(1): warning C4819: 檔案含有無法在目前字碼頁 (950) 中表示的字元。請以 Unicode 格式儲存檔案以防止資料遺失
C:\Program Files\NVIDIA GPU Computing Toolkit\CUDA\v10.2\include\cuda_runtime_api.h(1431): warning C4819: 檔案含有無法在目前字碼頁 (950) 中表示的字元。請以 Unicode 格式儲存檔案以防止資料遺失
C:\Program Files\NVIDIA GPU Computing Toolkit\CUDA\v10.2\include\cuda_runtime_api.h(3324): warning C4819: 檔案含有無法在目前字碼頁 (950) 中表示的字元。請以 Unicode 格式儲存檔案以防止資料遺失
C:\Program Files\NVIDIA GPU Computing Toolkit\CUDA\v10.2\include\cuda_runtime_api.h(9349): warning C4819: 檔案含有無法在目前字碼頁 (950) 中表示的字元。請以 Unicode 格式儲存檔案以防止資料遺失
C:\Program Files\NVIDIA GPU Computing Toolkit\CUDA\v10.2\include\cuda_runtime_api.h(1431): warning C4819: 檔案含有無法在目前字碼頁 (950) 中表示的字元。請以 Unicode 格式儲存檔案以防止資料遺失
C:\Program Files\NVIDIA GPU Computing Toolkit\CUDA\v10.2\include\cuda_runtime_api.h(3324): warning C4819: 檔案含有無法在目前字碼頁 (950) 中表示的字元。請以 Unicode 格式儲存檔案以防止資料遺失
C:\Program Files\NVIDIA GPU Computing Toolkit\CUDA\v10.2\include\cuda_runtime_api.h(9349): warning C4819: 檔案含有無法在目前字碼頁 (950) 中表示的字元。請以 Unicode 格式儲存檔案以防止資料遺失
C:\Program Files\NVIDIA GPU Computing Toolkit\CUDA\v10.2\include\cuda_runtime_api.h(1431): warning C4819: 檔案含有無法在目前字碼頁 (950) 中表示的字元。請以 Unicode 格式儲存檔案以防止資料遺失
C:\Program Files\NVIDIA GPU Computing Toolkit\CUDA\v10.2\include\cuda_runtime_api.h(3324): warning C4819: 檔案含有無法在目前字碼頁 (950) 中表示的字元。請以 Unicode 格式儲存檔案以防止資料遺失
C:\Program Files\NVIDIA GPU Computing Toolkit\CUDA\v10.2\include\cuda_runtime_api.h(9349): warning C4819: 檔案含有無法在目前字碼頁 (950) 中表示的字元。請以 Unicode 格式儲存檔案以防止資料遺失
C:\Program Files\NVIDIA GPU Computing Toolkit\CUDA\v10.2\include\cuda_runtime_api.h(1431): warning C4819: 檔案含有無法在目前字碼頁 (950) 中表示的字元。請以 Unicode 格式儲存檔案以防止資料遺失
C:\Program Files\NVIDIA GPU Computing Toolkit\CUDA\v10.2\include\cuda_runtime_api.h(3324): warning C4819: 檔案含有無法在目前字碼頁 (950) 中表示的字元。請以 Unicode 格式儲存檔案以防止資料遺失
C:\Program Files\NVIDIA GPU Computing Toolkit\CUDA\v10.2\include\cuda_runtime_api.h(9349): warning C4819: 檔案含有無法在目前字碼頁 (950) 中表示的字元。請以 Unicode 格式儲存檔案以防止資料遺失
C:\Program Files\NVIDIA GPU Computing Toolkit\CUDA\v10.2\include\cuda_runtime_api.h(1431): warning C4819: 檔案含有無法在目前字碼頁 (950) 中表示的字元。請以 Unicode 格式儲存檔案以防止資料遺失
C:\Program Files\NVIDIA GPU Computing Toolkit\CUDA\v10.2\include\cuda_runtime_api.h(3324): warning C4819: 檔案含有無法在目前字碼頁 (950) 中表示的字元。請以 Unicode 格式儲存檔案以防止資料遺失
C:\Program Files\NVIDIA GPU Computing Toolkit\CUDA\v10.2\include\cuda_runtime_api.h(9349): warning C4819: 檔案含有無法在目前字碼頁 (950) 中表示的字元。請以 Unicode 格式儲存檔案以防止資料遺失
C:\Program Files\NVIDIA GPU Computing Toolkit\CUDA\v10.2\include\cuda_runtime_api.h(1431): warning C4819: 檔案含有無法在目前字碼頁 (950) 中表示的字元。請以 Unicode 格式儲存檔案以防止資料遺失
C:\Program Files\NVIDIA GPU Computing Toolkit\CUDA\v10.2\include\cuda_runtime_api.h(3324): warning C4819: 檔案含有無法在目前字碼頁 (950) 中表示的字元。請以 Unicode 格式儲存檔案以防止資料遺失
C:\Program Files\NVIDIA GPU Computing Toolkit\CUDA\v10.2\include\cuda_runtime_api.h(9349): warning C4819: 檔案含有無法在目前字碼頁 (950) 中表示的字元。請以 Unicode 格式儲存檔案以防止資料遺失
C:\Program Files\NVIDIA GPU Computing Toolkit\CUDA\v10.2\include\cuda_runtime_api.h(1431): warning C4819: 檔案含有無法在目前字碼頁 (950) 中表示的字元。請以 Unicode 格式儲存檔案以防止資料遺失
C:\Program Files\NVIDIA GPU Computing Toolkit\CUDA\v10.2\include\cuda_runtime_api.h(3324): warning C4819: 檔案含有無法在目前字碼頁 (950) 中表示的字元。請以 Unicode 格式儲存檔案以防止資料遺失
C:\Program Files\NVIDIA GPU Computing Toolkit\CUDA\v10.2\include\cuda_runtime_api.h(9349): warning C4819: 檔案含有無法在目前字碼頁 (950) 中表示的字元。請以 Unicode 格式儲存檔案以防止資料遺失
C:\Program Files\NVIDIA GPU Computing Toolkit\CUDA\v10.2\include\cuda_runtime_api.h(1431): warning C4819: 檔案含有無法在目前字碼頁 (950) 中表示的字元。請以 Unicode 格式儲存檔案以防止資料遺失
C:\Program Files\NVIDIA GPU Computing Toolkit\CUDA\v10.2\include\cuda_runtime_api.h(3324): warning C4819: 檔案含有無法在目前字碼頁 (950) 中表示的字元。請以 Unicode 格式儲存檔案以防止資料遺失
C:\Program Files\NVIDIA GPU Computing Toolkit\CUDA\v10.2\include\cuda_runtime_api.h(9349): warning C4819: 檔案含有無法在目前字碼頁 (950) 中表示的字元。請以 Unicode 格式儲存檔案以防止資料遺失
C:\Program Files\NVIDIA GPU Computing Toolkit\CUDA\v10.2\include\cuda_runtime_api.h(1431): warning C4819: 檔案含有無法在目前字碼頁 (950) 中表示的字元。請以 Unicode 格式儲存檔案以防止資料遺失
C:\Program Files\NVIDIA GPU Computing Toolkit\CUDA\v10.2\include\cuda_runtime_api.h(3324): warning C4819: 檔案含有無法在目前字碼頁 (950) 中表示的字元。請以 Unicode 格式儲存檔案以防止資料遺失
C:\Program Files\NVIDIA GPU Computing Toolkit\CUDA\v10.2\include\cuda_runtime_api.h(9349): warning C4819: 檔案含有無法在目前字碼頁 (950) 中表示的字元。請以 Unicode 格式儲存檔案以防止資料遺失
C:\Program Files\NVIDIA GPU Computing Toolkit\CUDA\v10.2\include\cuda_runtime_api.h(1431): warning C4819: 檔案含有無法在目前字碼頁 (950) 中表示的字元。請以 Unicode 格式儲存檔案以防止資料遺失
C:\Program Files\NVIDIA GPU Computing Toolkit\CUDA\v10.2\include\cuda_runtime_api.h(3324): warning C4819: 檔案含有無法在目前字碼頁 (950) 中表示的字元。請以 Unicode 格式儲存檔案以防止資料遺失
C:\Program Files\NVIDIA GPU Computing Toolkit\CUDA\v10.2\include\cuda_runtime_api.h(9349): warning C4819: 檔案含有無法在目前字碼頁 (950) 中表示的字元。請以 Unicode 格式儲存檔案以防止資料遺失
C:\Program Files\NVIDIA GPU Computing Toolkit\CUDA\v10.2\include\cuda_runtime_api.h(1431): warning C4819: 檔案含有無法在目前字碼頁 (950) 中表示的字元。請以 Unicode 格式儲存檔案以防止資料遺失
C:\Program Files\NVIDIA GPU Computing Toolkit\CUDA\v10.2\include\cuda_runtime_api.h(3324): warning C4819: 檔案含有無法在目前字碼頁 (950) 中表示的字元。請以 Unicode 格式儲存檔案以防止資料遺失
C:\Program Files\NVIDIA GPU Computing Toolkit\CUDA\v10.2\include\cuda_runtime_api.h(9349): warning C4819: 檔案含有無法在目前字碼頁 (950) 中表示的字元。請以 Unicode 格式儲存檔案以防止資料遺失
C:\Program Files\NVIDIA GPU Computing Toolkit\CUDA\v10.2\include\cuda_runtime_api.h(1431): warning C4819: 檔案含有無法在目前字碼頁 (950) 中表示的字元。請以 Unicode 格式儲存檔案以防止資料遺失
C:\Program Files\NVIDIA GPU Computing Toolkit\CUDA\v10.2\include\cuda_runtime_api.h(3324): warning C4819: 檔案含有無法在目前字碼頁 (950) 中表示的字元。請以 Unicode 格式儲存檔案以防止資料遺失
C:\Program Files\NVIDIA GPU Computing Toolkit\CUDA\v10.2\include\cuda_runtime_api.h(9349): warning C4819: 檔案含有無法在目前字碼頁 (950) 中表示的字元。請以 Unicode 格式儲存檔案以防止資料遺失
C:\Program Files\NVIDIA GPU Computing Toolkit\CUDA\v10.2\include\sm_20_intrinsics.h(1): warning C4819: 檔案含有無法在目前字碼頁 (950) 中表示的字元。請以 Unicode 格式儲存檔案以防止資料遺失
C:\Program Files\NVIDIA GPU Computing Toolkit\CUDA\v10.2\include\cuda_runtime_api.h(1431): warning C4819: 檔案含有無法在目前字碼頁 (950) 中表示的字元。請以 Unicode 格式儲存檔案以防止資料遺失
C:\Program Files\NVIDIA GPU Computing Toolkit\CUDA\v10.2\include\cuda_runtime_api.h(3324): warning C4819: 檔案含有無法在目前字碼頁 (950) 中表示的字元。請以 Unicode 格式儲存檔案以防止資料遺失
C:\Program Files\NVIDIA GPU Computing Toolkit\CUDA\v10.2\include\cuda_runtime_api.h(9349): warning C4819: 檔案含有無法在目前字碼頁 (950) 中表示的字元。請以 Unicode 格式儲存檔案以防止資料遺失
C:\Program Files\NVIDIA GPU Computing Toolkit\CUDA\v10.2\include\sm_20_intrinsics.h(926): warning C4819: 檔案含有無法在目前字碼頁 (950) 中表示的字元。請以 Unicode 格式儲存檔案以防止資料遺失
C:\Program Files\NVIDIA GPU Computing Toolkit\CUDA\v10.2\include\cuda_runtime_api.h(1431): warning C4819: 檔案含有無法在目前字碼頁 (950) 中表示的字元。請以 Unicode 格式儲存檔案以防止資料遺失
C:\Program Files\NVIDIA GPU Computing Toolkit\CUDA\v10.2\include\cuda_runtime_api.h(3324): warning C4819: 檔案含有無法在目前字碼頁 (950) 中表示的字元。請以 Unicode 格式儲存檔案以防止資料遺失
C:\Program Files\NVIDIA GPU Computing Toolkit\CUDA\v10.2\include\cuda_runtime_api.h(9349): warning C4819: 檔案含有無法在目前字碼頁 (950) 中表示的字元。請以 Unicode 格式儲存檔案以防止資料遺失
C:\Program Files\NVIDIA GPU Computing Toolkit\CUDA\v10.2\include\cuda_runtime_api.h(1431): warning C4819: 檔案含有無法在目前字碼頁 (950) 中表示的字元。請以 Unicode 格式儲存檔案以防止資料遺失
C:\Program Files\NVIDIA GPU Computing Toolkit\CUDA\v10.2\include\cuda_runtime_api.h(3324): warning C4819: 檔案含有無法在目前字碼頁 (950) 中表示的字元。請以 Unicode 格式儲存檔案以防止資料遺失
C:\Program Files\NVIDIA GPU Computing Toolkit\CUDA\v10.2\include\cuda_runtime_api.h(9349): warning C4819: 檔案含有無法在目前字碼頁 (950) 中表示的字元。請以 Unicode 格式儲存檔案以防止資料遺失
C:\Program Files\NVIDIA GPU Computing Toolkit\CUDA\v10.2\include\cuda_runtime_api.h(1431): warning C4819: 檔案含有無法在目前字碼頁 (950) 中表示的字元。請以 Unicode 格式儲存檔案以防止資料遺失
C:\Program Files\NVIDIA GPU Computing Toolkit\CUDA\v10.2\include\cuda_runtime_api.h(3324): warning C4819: 檔案含有無法在目前字碼頁 (950) 中表示的字元。請以 Unicode 格式儲存檔案以防止資料遺失
C:\Program Files\NVIDIA GPU Computing Toolkit\CUDA\v10.2\include\cuda_runtime_api.h(9349): warning C4819: 檔案含有無法在目前字碼頁 (950) 中表示的字元。請以 Unicode 格式儲存檔案以防止資料遺失
C:\Program Files\NVIDIA GPU Computing Toolkit\CUDA\v10.2\include\cuda_runtime_api.h(1431): warning C4819: 檔案含有無法在目前字碼頁 (950) 中表示的字元。請以 Unicode 格式儲存檔案以防止資料遺失
C:\Program Files\NVIDIA GPU Computing Toolkit\CUDA\v10.2\include\cuda_runtime_api.h(3324): warning C4819: 檔案含有無法在目前字碼頁 (950) 中表示的字元。請以 Unicode 格式儲存檔案以防止資料遺失
C:\Program Files\NVIDIA GPU Computing Toolkit\CUDA\v10.2\include\cuda_runtime_api.h(9349): warning C4819: 檔案含有無法在目前字碼頁 (950) 中表示的字元。請以 Unicode 格式儲存檔案以防止資料遺失
C:\Program Files\NVIDIA GPU Computing Toolkit\CUDA\v10.2\include\cuda_runtime_api.h(1431): warning C4819: 檔案含有無法在目前字碼頁 (950) 中表示的字元。請以 Unicode 格式儲存檔案以防止資料遺失
C:\Program Files\NVIDIA GPU Computing Toolkit\CUDA\v10.2\include\cuda_runtime_api.h(3324): warning C4819: 檔案含有無法在目前字碼頁 (950) 中表示的字元。請以 Unicode 格式儲存檔案以防止資料遺失
C:\Program Files\NVIDIA GPU Computing Toolkit\CUDA\v10.2\include\cuda_runtime_api.h(9349): warning C4819: 檔案含有無法在目前字碼頁 (950) 中表示的字元。請以 Unicode 格式儲存檔案以防止資料遺失
C:\Program Files\NVIDIA GPU Computing Toolkit\CUDA\v10.2\include\cuda_runtime_api.h(1431): warning C4819: 檔案含有無法在目前字碼頁 (950) 中表示的字元。請以 Unicode 格式儲存檔案以防止資料遺失
C:\Program Files\NVIDIA GPU Computing Toolkit\CUDA\v10.2\include\cuda_runtime_api.h(3324): warning C4819: 檔案含有無法在目前字碼頁 (950) 中表示的字元。請以 Unicode 格式儲存檔案以防止資料遺失
C:\Program Files\NVIDIA GPU Computing Toolkit\CUDA\v10.2\include\cuda_runtime_api.h(9349): warning C4819: 檔案含有無法在目前字碼頁 (950) 中表示的字元。請以 Unicode 格式儲存檔案以防止資料遺失
C:\Program Files\NVIDIA GPU Computing Toolkit\CUDA\v10.2\include\cuda_runtime_api.h(1431): warning C4819: 檔案含有無法在目前字碼頁 (950) 中表示的字元。請以 Unicode 格式儲存檔案以防止資料遺失
C:\Program Files\NVIDIA GPU Computing Toolkit\CUDA\v10.2\include\cuda_runtime_api.h(3324): warning C4819: 檔案含有無法在目前字碼頁 (950) 中表示的字元。請以 Unicode 格式儲存檔案以防止資料遺失
C:\Program Files\NVIDIA GPU Computing Toolkit\CUDA\v10.2\include\cuda_runtime_api.h(9349): warning C4819: 檔案含有無法在目前字碼頁 (950) 中表示的字元。請以 Unicode 格式儲存檔案以防止資料遺失
C:\Program Files\NVIDIA GPU Computing Toolkit\CUDA\v10.2\include\cuda_runtime.h(1): warning C4819: 檔案含有無法在目前字碼頁 (950) 中表示的字元。請以 Unicode 格式儲存檔案以防止資料遺失
C:\Users\史孟玄\OneDrive\文件\大四\Parallel Computing\Parallel-Computing-Final-Project\SFML\include\SFML/System/String.hpp(527): warning : field of class type without a DLL interface used in a class with a DLL interface
  
C:\Users\史孟玄\OneDrive\文件\大四\Parallel Computing\Parallel-Computing-Final-Project\SFML\include\SFML/Window/Window.hpp(549): warning : field of class type without a DLL interface used in a class with a DLL interface
  
C:\Users\史孟玄\OneDrive\文件\大四\Parallel Computing\Parallel-Computing-Final-Project\SFML\include\SFML/Graphics/Transformable.hpp(319): warning : field of class type without a DLL interface used in a class with a DLL interface
  
C:\Users\史孟玄\OneDrive\文件\大四\Parallel Computing\Parallel-Computing-Final-Project\SFML\include\SFML/Graphics/Transformable.hpp(320): warning : field of class type without a DLL interface used in a class with a DLL interface
  
C:\Users\史孟玄\OneDrive\文件\大四\Parallel Computing\Parallel-Computing-Final-Project\SFML\include\SFML/Graphics/Transformable.hpp(322): warning : field of class type without a DLL interface used in a class with a DLL interface
  
C:\Users\史孟玄\OneDrive\文件\大四\Parallel Computing\Parallel-Computing-Final-Project\SFML\include\SFML/Graphics/Vertex.hpp(97): warning : field of class type without a DLL interface used in a class with a DLL interface
  
C:\Users\史孟玄\OneDrive\文件\大四\Parallel Computing\Parallel-Computing-Final-Project\SFML\include\SFML/Graphics/Vertex.hpp(99): warning : field of class type without a DLL interface used in a class with a DLL interface
  
C:\Users\史孟玄\OneDrive\文件\大四\Parallel Computing\Parallel-Computing-Final-Project\SFML\include\SFML/Graphics/VertexArray.hpp(190): warning : field of class type without a DLL interface used in a class with a DLL interface
  
C:\Users\史孟玄\OneDrive\文件\大四\Parallel Computing\Parallel-Computing-Final-Project\SFML\include\SFML/Graphics/Shape.hpp(309): warning : field of class type without a DLL interface used in a class with a DLL interface
  
C:\Users\史孟玄\OneDrive\文件\大四\Parallel Computing\Parallel-Computing-Final-Project\SFML\include\SFML/Graphics/Shape.hpp(315): warning : field of class type without a DLL interface used in a class with a DLL interface
  
C:\Users\史孟玄\OneDrive\文件\大四\Parallel Computing\Parallel-Computing-Final-Project\SFML\include\SFML/Graphics/Shape.hpp(316): warning : field of class type without a DLL interface used in a class with a DLL interface
  
C:\Users\史孟玄\OneDrive\文件\大四\Parallel Computing\Parallel-Computing-Final-Project\SFML\include\SFML/Graphics/ConvexShape.hpp(115): warning : field of class type without a DLL interface used in a class with a DLL interface
  
C:\Users\史孟玄\OneDrive\文件\大四\Parallel Computing\Parallel-Computing-Final-Project\SFML\include\SFML/Graphics/Glyph.hpp(55): warning : field of class type without a DLL interface used in a class with a DLL interface
  
C:\Users\史孟玄\OneDrive\文件\大四\Parallel Computing\Parallel-Computing-Final-Project\SFML\include\SFML/Graphics/Glyph.hpp(56): warning : field of class type without a DLL interface used in a class with a DLL interface
  
C:\Users\史孟玄\OneDrive\文件\大四\Parallel Computing\Parallel-Computing-Final-Project\SFML\include\SFML/Graphics/Image.hpp(266): warning : field of class type without a DLL interface used in a class with a DLL interface
  
C:\Users\史孟玄\OneDrive\文件\大四\Parallel Computing\Parallel-Computing-Final-Project\SFML\include\SFML/Graphics/Image.hpp(267): warning : field of class type without a DLL interface used in a class with a DLL interface
  
C:\Users\史孟玄\OneDrive\文件\大四\Parallel Computing\Parallel-Computing-Final-Project\SFML\include\SFML/Graphics/Texture.hpp(619): warning : field of class type without a DLL interface used in a class with a DLL interface
  
C:\Users\史孟玄\OneDrive\文件\大四\Parallel Computing\Parallel-Computing-Final-Project\SFML\include\SFML/Graphics/Texture.hpp(620): warning : field of class type without a DLL interface used in a class with a DLL interface
  
C:\Users\史孟玄\OneDrive\文件\大四\Parallel Computing\Parallel-Computing-Final-Project\SFML\include\SFML/Graphics/Font.hpp(354): warning : field of class type without a DLL interface used in a class with a DLL interface
  
C:\Users\史孟玄\OneDrive\文件\大四\Parallel Computing\Parallel-Computing-Final-Project\SFML\include\SFML/Graphics/Font.hpp(355): warning : field of class type without a DLL interface used in a class with a DLL interface
  
C:\Users\史孟玄\OneDrive\文件\大四\Parallel Computing\Parallel-Computing-Final-Project\SFML\include\SFML/Graphics/Font.hpp(356): warning : field of class type without a DLL interface used in a class with a DLL interface
  
C:\Users\史孟玄\OneDrive\文件\大四\Parallel Computing\Parallel-Computing-Final-Project\SFML\include\SFML/Graphics/RectangleShape.hpp(102): warning : field of class type without a DLL interface used in a class with a DLL interface
  
C:\Users\史孟玄\OneDrive\文件\大四\Parallel Computing\Parallel-Computing-Final-Project\SFML\include\SFML/Graphics/View.hpp(272): warning : field of class type without a DLL interface used in a class with a DLL interface
  
C:\Users\史孟玄\OneDrive\文件\大四\Parallel Computing\Parallel-Computing-Final-Project\SFML\include\SFML/Graphics/View.hpp(273): warning : field of class type without a DLL interface used in a class with a DLL interface
  
C:\Users\史孟玄\OneDrive\文件\大四\Parallel Computing\Parallel-Computing-Final-Project\SFML\include\SFML/Graphics/View.hpp(275): warning : field of class type without a DLL interface used in a class with a DLL interface
  
C:\Users\史孟玄\OneDrive\文件\大四\Parallel Computing\Parallel-Computing-Final-Project\SFML\include\SFML/Graphics/RenderTarget.hpp(476): warning : field of class type without a DLL interface used in a class with a DLL interface
  
C:\Users\史孟玄\OneDrive\文件\大四\Parallel Computing\Parallel-Computing-Final-Project\SFML\include\SFML/Graphics/Shader.hpp(750): warning : field of class type without a DLL interface used in a class with a DLL interface
  
C:\Users\史孟玄\OneDrive\文件\大四\Parallel Computing\Parallel-Computing-Final-Project\SFML\include\SFML/Graphics/Shader.hpp(751): warning : field of class type without a DLL interface used in a class with a DLL interface
  
C:\Users\史孟玄\OneDrive\文件\大四\Parallel Computing\Parallel-Computing-Final-Project\SFML\include\SFML/Graphics/Sprite.hpp(220): warning : field of class type without a DLL interface used in a class with a DLL interface
  
C:\Users\史孟玄\OneDrive\文件\大四\Parallel Computing\Parallel-Computing-Final-Project\SFML\include\SFML/Graphics/Text.hpp(449): warning : field of class type without a DLL interface used in a class with a DLL interface
  
C:\Program Files\NVIDIA GPU Computing Toolkit\CUDA\v10.2\include\cuda_runtime.h(1): warning C4819: 檔案含有無法在目前字碼頁 (950) 中表示的字元。請以 Unicode 格式儲存檔案以防止資料遺失
C:\Program Files\NVIDIA GPU Computing Toolkit\CUDA\v10.2\include\cuda_runtime_api.h(1431): warning C4819: 檔案含有無法在目前字碼頁 (950) 中表示的字元。請以 Unicode 格式儲存檔案以防止資料遺失
C:\Program Files\NVIDIA GPU Computing Toolkit\CUDA\v10.2\include\cuda_runtime_api.h(3324): warning C4819: 檔案含有無法在目前字碼頁 (950) 中表示的字元。請以 Unicode 格式儲存檔案以防止資料遺失
C:\Program Files\NVIDIA GPU Computing Toolkit\CUDA\v10.2\include\cuda_runtime_api.h(9349): warning C4819: 檔案含有無法在目前字碼頁 (950) 中表示的字元。請以 Unicode 格式儲存檔案以防止資料遺失
C:\Program Files\NVIDIA GPU Computing Toolkit\CUDA\v10.2\include\cuda_runtime_api.h(1431): warning C4819: 檔案含有無法在目前字碼頁 (950) 中表示的字元。請以 Unicode 格式儲存檔案以防止資料遺失
C:\Program Files\NVIDIA GPU Computing Toolkit\CUDA\v10.2\include\cuda_runtime_api.h(3324): warning C4819: 檔案含有無法在目前字碼頁 (950) 中表示的字元。請以 Unicode 格式儲存檔案以防止資料遺失
C:\Program Files\NVIDIA GPU Computing Toolkit\CUDA\v10.2\include\cuda_runtime_api.h(9349): warning C4819: 檔案含有無法在目前字碼頁 (950) 中表示的字元。請以 Unicode 格式儲存檔案以防止資料遺失
C:\Program Files\NVIDIA GPU Computing Toolkit\CUDA\v10.2\include\cuda_runtime_api.h(1431): warning C4819: 檔案含有無法在目前字碼頁 (950) 中表示的字元。請以 Unicode 格式儲存檔案以防止資料遺失
C:\Program Files\NVIDIA GPU Computing Toolkit\CUDA\v10.2\include\cuda_runtime_api.h(3324): warning C4819: 檔案含有無法在目前字碼頁 (950) 中表示的字元。請以 Unicode 格式儲存檔案以防止資料遺失
C:\Program Files\NVIDIA GPU Computing Toolkit\CUDA\v10.2\include\cuda_runtime_api.h(9349): warning C4819: 檔案含有無法在目前字碼頁 (950) 中表示的字元。請以 Unicode 格式儲存檔案以防止資料遺失
C:\Program Files\NVIDIA GPU Computing Toolkit\CUDA\v10.2\include\cuda_runtime_api.h(1431): warning C4819: 檔案含有無法在目前字碼頁 (950) 中表示的字元。請以 Unicode 格式儲存檔案以防止資料遺失
C:\Program Files\NVIDIA GPU Computing Toolkit\CUDA\v10.2\include\cuda_runtime_api.h(3324): warning C4819: 檔案含有無法在目前字碼頁 (950) 中表示的字元。請以 Unicode 格式儲存檔案以防止資料遺失
C:\Program Files\NVIDIA GPU Computing Toolkit\CUDA\v10.2\include\cuda_runtime_api.h(9349): warning C4819: 檔案含有無法在目前字碼頁 (950) 中表示的字元。請以 Unicode 格式儲存檔案以防止資料遺失
C:\Program Files\NVIDIA GPU Computing Toolkit\CUDA\v10.2\include\cuda_runtime_api.h(1431): warning C4819: 檔案含有無法在目前字碼頁 (950) 中表示的字元。請以 Unicode 格式儲存檔案以防止資料遺失
C:\Program Files\NVIDIA GPU Computing Toolkit\CUDA\v10.2\include\cuda_runtime_api.h(3324): warning C4819: 檔案含有無法在目前字碼頁 (950) 中表示的字元。請以 Unicode 格式儲存檔案以防止資料遺失
C:\Program Files\NVIDIA GPU Computing Toolkit\CUDA\v10.2\include\cuda_runtime_api.h(9349): warning C4819: 檔案含有無法在目前字碼頁 (950) 中表示的字元。請以 Unicode 格式儲存檔案以防止資料遺失
C:\Program Files\NVIDIA GPU Computing Toolkit\CUDA\v10.2\include\cuda_runtime_api.h(1431): warning C4819: 檔案含有無法在目前字碼頁 (950) 中表示的字元。請以 Unicode 格式儲存檔案以防止資料遺失
C:\Program Files\NVIDIA GPU Computing Toolkit\CUDA\v10.2\include\cuda_runtime_api.h(3324): warning C4819: 檔案含有無法在目前字碼頁 (950) 中表示的字元。請以 Unicode 格式儲存檔案以防止資料遺失
C:\Program Files\NVIDIA GPU Computing Toolkit\CUDA\v10.2\include\cuda_runtime_api.h(9349): warning C4819: 檔案含有無法在目前字碼頁 (950) 中表示的字元。請以 Unicode 格式儲存檔案以防止資料遺失
C:\Program Files\NVIDIA GPU Computing Toolkit\CUDA\v10.2\include\cuda_runtime_api.h(1431): warning C4819: 檔案含有無法在目前字碼頁 (950) 中表示的字元。請以 Unicode 格式儲存檔案以防止資料遺失
C:\Program Files\NVIDIA GPU Computing Toolkit\CUDA\v10.2\include\cuda_runtime_api.h(3324): warning C4819: 檔案含有無法在目前字碼頁 (950) 中表示的字元。請以 Unicode 格式儲存檔案以防止資料遺失
C:\Program Files\NVIDIA GPU Computing Toolkit\CUDA\v10.2\include\cuda_runtime_api.h(9349): warning C4819: 檔案含有無法在目前字碼頁 (950) 中表示的字元。請以 Unicode 格式儲存檔案以防止資料遺失
C:\Program Files\NVIDIA GPU Computing Toolkit\CUDA\v10.2\include\cuda_runtime_api.h(1431): warning C4819: 檔案含有無法在目前字碼頁 (950) 中表示的字元。請以 Unicode 格式儲存檔案以防止資料遺失
C:\Program Files\NVIDIA GPU Computing Toolkit\CUDA\v10.2\include\cuda_runtime_api.h(3324): warning C4819: 檔案含有無法在目前字碼頁 (950) 中表示的字元。請以 Unicode 格式儲存檔案以防止資料遺失
C:\Program Files\NVIDIA GPU Computing Toolkit\CUDA\v10.2\include\cuda_runtime_api.h(9349): warning C4819: 檔案含有無法在目前字碼頁 (950) 中表示的字元。請以 Unicode 格式儲存檔案以防止資料遺失
C:\Program Files\NVIDIA GPU Computing Toolkit\CUDA\v10.2\include\cuda_runtime_api.h(1431): warning C4819: 檔案含有無法在目前字碼頁 (950) 中表示的字元。請以 Unicode 格式儲存檔案以防止資料遺失
C:\Program Files\NVIDIA GPU Computing Toolkit\CUDA\v10.2\include\cuda_runtime_api.h(3324): warning C4819: 檔案含有無法在目前字碼頁 (950) 中表示的字元。請以 Unicode 格式儲存檔案以防止資料遺失
C:\Program Files\NVIDIA GPU Computing Toolkit\CUDA\v10.2\include\cuda_runtime_api.h(9349): warning C4819: 檔案含有無法在目前字碼頁 (950) 中表示的字元。請以 Unicode 格式儲存檔案以防止資料遺失
C:\Program Files\NVIDIA GPU Computing Toolkit\CUDA\v10.2\include\cuda_runtime_api.h(1431): warning C4819: 檔案含有無法在目前字碼頁 (950) 中表示的字元。請以 Unicode 格式儲存檔案以防止資料遺失
C:\Program Files\NVIDIA GPU Computing Toolkit\CUDA\v10.2\include\cuda_runtime_api.h(3324): warning C4819: 檔案含有無法在目前字碼頁 (950) 中表示的字元。請以 Unicode 格式儲存檔案以防止資料遺失
C:\Program Files\NVIDIA GPU Computing Toolkit\CUDA\v10.2\include\cuda_runtime_api.h(9349): warning C4819: 檔案含有無法在目前字碼頁 (950) 中表示的字元。請以 Unicode 格式儲存檔案以防止資料遺失
C:\Program Files\NVIDIA GPU Computing Toolkit\CUDA\v10.2\include\cuda_runtime_api.h(1431): warning C4819: 檔案含有無法在目前字碼頁 (950) 中表示的字元。請以 Unicode 格式儲存檔案以防止資料遺失
C:\Program Files\NVIDIA GPU Computing Toolkit\CUDA\v10.2\include\cuda_runtime_api.h(3324): warning C4819: 檔案含有無法在目前字碼頁 (950) 中表示的字元。請以 Unicode 格式儲存檔案以防止資料遺失
C:\Program Files\NVIDIA GPU Computing Toolkit\CUDA\v10.2\include\cuda_runtime_api.h(9349): warning C4819: 檔案含有無法在目前字碼頁 (950) 中表示的字元。請以 Unicode 格式儲存檔案以防止資料遺失
C:\Program Files\NVIDIA GPU Computing Toolkit\CUDA\v10.2\include\sm_20_intrinsics.h(1): warning C4819: 檔案含有無法在目前字碼頁 (950) 中表示的字元。請以 Unicode 格式儲存檔案以防止資料遺失
C:\Program Files\NVIDIA GPU Computing Toolkit\CUDA\v10.2\include\cuda_runtime_api.h(1431): warning C4819: 檔案含有無法在目前字碼頁 (950) 中表示的字元。請以 Unicode 格式儲存檔案以防止資料遺失
C:\Program Files\NVIDIA GPU Computing Toolkit\CUDA\v10.2\include\cuda_runtime_api.h(3324): warning C4819: 檔案含有無法在目前字碼頁 (950) 中表示的字元。請以 Unicode 格式儲存檔案以防止資料遺失
C:\Program Files\NVIDIA GPU Computing Toolkit\CUDA\v10.2\include\cuda_runtime_api.h(9349): warning C4819: 檔案含有無法在目前字碼頁 (950) 中表示的字元。請以 Unicode 格式儲存檔案以防止資料遺失
C:\Program Files\NVIDIA GPU Computing Toolkit\CUDA\v10.2\include\sm_20_intrinsics.h(926): warning C4819: 檔案含有無法在目前字碼頁 (950) 中表示的字元。請以 Unicode 格式儲存檔案以防止資料遺失
C:\Program Files\NVIDIA GPU Computing Toolkit\CUDA\v10.2\include\cuda_runtime_api.h(1431): warning C4819: 檔案含有無法在目前字碼頁 (950) 中表示的字元。請以 Unicode 格式儲存檔案以防止資料遺失
C:\Program Files\NVIDIA GPU Computing Toolkit\CUDA\v10.2\include\cuda_runtime_api.h(3324): warning C4819: 檔案含有無法在目前字碼頁 (950) 中表示的字元。請以 Unicode 格式儲存檔案以防止資料遺失
C:\Program Files\NVIDIA GPU Computing Toolkit\CUDA\v10.2\include\cuda_runtime_api.h(9349): warning C4819: 檔案含有無法在目前字碼頁 (950) 中表示的字元。請以 Unicode 格式儲存檔案以防止資料遺失
C:\Program Files\NVIDIA GPU Computing Toolkit\CUDA\v10.2\include\cuda_runtime_api.h(1431): warning C4819: 檔案含有無法在目前字碼頁 (950) 中表示的字元。請以 Unicode 格式儲存檔案以防止資料遺失
C:\Program Files\NVIDIA GPU Computing Toolkit\CUDA\v10.2\include\cuda_runtime_api.h(3324): warning C4819: 檔案含有無法在目前字碼頁 (950) 中表示的字元。請以 Unicode 格式儲存檔案以防止資料遺失
C:\Program Files\NVIDIA GPU Computing Toolkit\CUDA\v10.2\include\cuda_runtime_api.h(9349): warning C4819: 檔案含有無法在目前字碼頁 (950) 中表示的字元。請以 Unicode 格式儲存檔案以防止資料遺失
C:\Program Files\NVIDIA GPU Computing Toolkit\CUDA\v10.2\include\cuda_runtime_api.h(1431): warning C4819: 檔案含有無法在目前字碼頁 (950) 中表示的字元。請以 Unicode 格式儲存檔案以防止資料遺失
C:\Program Files\NVIDIA GPU Computing Toolkit\CUDA\v10.2\include\cuda_runtime_api.h(3324): warning C4819: 檔案含有無法在目前字碼頁 (950) 中表示的字元。請以 Unicode 格式儲存檔案以防止資料遺失
C:\Program Files\NVIDIA GPU Computing Toolkit\CUDA\v10.2\include\cuda_runtime_api.h(9349): warning C4819: 檔案含有無法在目前字碼頁 (950) 中表示的字元。請以 Unicode 格式儲存檔案以防止資料遺失
C:\Program Files\NVIDIA GPU Computing Toolkit\CUDA\v10.2\include\cuda_runtime_api.h(1431): warning C4819: 檔案含有無法在目前字碼頁 (950) 中表示的字元。請以 Unicode 格式儲存檔案以防止資料遺失
C:\Program Files\NVIDIA GPU Computing Toolkit\CUDA\v10.2\include\cuda_runtime_api.h(3324): warning C4819: 檔案含有無法在目前字碼頁 (950) 中表示的字元。請以 Unicode 格式儲存檔案以防止資料遺失
C:\Program Files\NVIDIA GPU Computing Toolkit\CUDA\v10.2\include\cuda_runtime_api.h(9349): warning C4819: 檔案含有無法在目前字碼頁 (950) 中表示的字元。請以 Unicode 格式儲存檔案以防止資料遺失
C:\Program Files\NVIDIA GPU Computing Toolkit\CUDA\v10.2\include\cuda_runtime_api.h(1431): warning C4819: 檔案含有無法在目前字碼頁 (950) 中表示的字元。請以 Unicode 格式儲存檔案以防止資料遺失
C:\Program Files\NVIDIA GPU Computing Toolkit\CUDA\v10.2\include\cuda_runtime_api.h(3324): warning C4819: 檔案含有無法在目前字碼頁 (950) 中表示的字元。請以 Unicode 格式儲存檔案以防止資料遺失
C:\Program Files\NVIDIA GPU Computing Toolkit\CUDA\v10.2\include\cuda_runtime_api.h(9349): warning C4819: 檔案含有無法在目前字碼頁 (950) 中表示的字元。請以 Unicode 格式儲存檔案以防止資料遺失
C:\Program Files\NVIDIA GPU Computing Toolkit\CUDA\v10.2\include\cuda_runtime_api.h(1431): warning C4819: 檔案含有無法在目前字碼頁 (950) 中表示的字元。請以 Unicode 格式儲存檔案以防止資料遺失
C:\Program Files\NVIDIA GPU Computing Toolkit\CUDA\v10.2\include\cuda_runtime_api.h(3324): warning C4819: 檔案含有無法在目前字碼頁 (950) 中表示的字元。請以 Unicode 格式儲存檔案以防止資料遺失
C:\Program Files\NVIDIA GPU Computing Toolkit\CUDA\v10.2\include\cuda_runtime_api.h(9349): warning C4819: 檔案含有無法在目前字碼頁 (950) 中表示的字元。請以 Unicode 格式儲存檔案以防止資料遺失
C:\Program Files\NVIDIA GPU Computing Toolkit\CUDA\v10.2\include\cuda_runtime_api.h(1431): warning C4819: 檔案含有無法在目前字碼頁 (950) 中表示的字元。請以 Unicode 格式儲存檔案以防止資料遺失
C:\Program Files\NVIDIA GPU Computing Toolkit\CUDA\v10.2\include\cuda_runtime_api.h(3324): warning C4819: 檔案含有無法在目前字碼頁 (950) 中表示的字元。請以 Unicode 格式儲存檔案以防止資料遺失
C:\Program Files\NVIDIA GPU Computing Toolkit\CUDA\v10.2\include\cuda_runtime_api.h(9349): warning C4819: 檔案含有無法在目前字碼頁 (950) 中表示的字元。請以 Unicode 格式儲存檔案以防止資料遺失
C:\Program Files\NVIDIA GPU Computing Toolkit\CUDA\v10.2\include\cuda_runtime.h(1): warning C4819: 檔案含有無法在目前字碼頁 (950) 中表示的字元。請以 Unicode 格式儲存檔案以防止資料遺失
C:\Users\史孟玄\OneDrive\文件\大四\Parallel Computing\Parallel-Computing-Final-Project\SFML\include\SFML/System/String.hpp(527): warning : field of class type without a DLL interface used in a class with a DLL interface
  
C:\Users\史孟玄\OneDrive\文件\大四\Parallel Computing\Parallel-Computing-Final-Project\SFML\include\SFML/Window/Window.hpp(549): warning : field of class type without a DLL interface used in a class with a DLL interface
  
C:\Users\史孟玄\OneDrive\文件\大四\Parallel Computing\Parallel-Computing-Final-Project\SFML\include\SFML/Graphics/Transformable.hpp(319): warning : field of class type without a DLL interface used in a class with a DLL interface
  
C:\Users\史孟玄\OneDrive\文件\大四\Parallel Computing\Parallel-Computing-Final-Project\SFML\include\SFML/Graphics/Transformable.hpp(320): warning : field of class type without a DLL interface used in a class with a DLL interface
  
C:\Users\史孟玄\OneDrive\文件\大四\Parallel Computing\Parallel-Computing-Final-Project\SFML\include\SFML/Graphics/Transformable.hpp(322): warning : field of class type without a DLL interface used in a class with a DLL interface
  
C:\Users\史孟玄\OneDrive\文件\大四\Parallel Computing\Parallel-Computing-Final-Project\SFML\include\SFML/Graphics/Vertex.hpp(97): warning : field of class type without a DLL interface used in a class with a DLL interface
  
C:\Users\史孟玄\OneDrive\文件\大四\Parallel Computing\Parallel-Computing-Final-Project\SFML\include\SFML/Graphics/Vertex.hpp(99): warning : field of class type without a DLL interface used in a class with a DLL interface
  
C:\Users\史孟玄\OneDrive\文件\大四\Parallel Computing\Parallel-Computing-Final-Project\SFML\include\SFML/Graphics/VertexArray.hpp(190): warning : field of class type without a DLL interface used in a class with a DLL interface
  
C:\Users\史孟玄\OneDrive\文件\大四\Parallel Computing\Parallel-Computing-Final-Project\SFML\include\SFML/Graphics/Shape.hpp(309): warning : field of class type without a DLL interface used in a class with a DLL interface
  
C:\Users\史孟玄\OneDrive\文件\大四\Parallel Computing\Parallel-Computing-Final-Project\SFML\include\SFML/Graphics/Shape.hpp(315): warning : field of class type without a DLL interface used in a class with a DLL interface
  
C:\Users\史孟玄\OneDrive\文件\大四\Parallel Computing\Parallel-Computing-Final-Project\SFML\include\SFML/Graphics/Shape.hpp(316): warning : field of class type without a DLL interface used in a class with a DLL interface
  
C:\Users\史孟玄\OneDrive\文件\大四\Parallel Computing\Parallel-Computing-Final-Project\SFML\include\SFML/Graphics/ConvexShape.hpp(115): warning : field of class type without a DLL interface used in a class with a DLL interface
  
C:\Users\史孟玄\OneDrive\文件\大四\Parallel Computing\Parallel-Computing-Final-Project\SFML\include\SFML/Graphics/Glyph.hpp(55): warning : field of class type without a DLL interface used in a class with a DLL interface
  
C:\Users\史孟玄\OneDrive\文件\大四\Parallel Computing\Parallel-Computing-Final-Project\SFML\include\SFML/Graphics/Glyph.hpp(56): warning : field of class type without a DLL interface used in a class with a DLL interface
  
C:\Users\史孟玄\OneDrive\文件\大四\Parallel Computing\Parallel-Computing-Final-Project\SFML\include\SFML/Graphics/Image.hpp(266): warning : field of class type without a DLL interface used in a class with a DLL interface
  
C:\Users\史孟玄\OneDrive\文件\大四\Parallel Computing\Parallel-Computing-Final-Project\SFML\include\SFML/Graphics/Image.hpp(267): warning : field of class type without a DLL interface used in a class with a DLL interface
  
C:\Users\史孟玄\OneDrive\文件\大四\Parallel Computing\Parallel-Computing-Final-Project\SFML\include\SFML/Graphics/Texture.hpp(619): warning : field of class type without a DLL interface used in a class with a DLL interface
  
C:\Users\史孟玄\OneDrive\文件\大四\Parallel Computing\Parallel-Computing-Final-Project\SFML\include\SFML/Graphics/Texture.hpp(620): warning : field of class type without a DLL interface used in a class with a DLL interface
  
C:\Users\史孟玄\OneDrive\文件\大四\Parallel Computing\Parallel-Computing-Final-Project\SFML\include\SFML/Graphics/Font.hpp(354): warning : field of class type without a DLL interface used in a class with a DLL interface
  
C:\Users\史孟玄\OneDrive\文件\大四\Parallel Computing\Parallel-Computing-Final-Project\SFML\include\SFML/Graphics/Font.hpp(355): warning : field of class type without a DLL interface used in a class with a DLL interface
  
C:\Users\史孟玄\OneDrive\文件\大四\Parallel Computing\Parallel-Computing-Final-Project\SFML\include\SFML/Graphics/Font.hpp(356): warning : field of class type without a DLL interface used in a class with a DLL interface
  
C:\Users\史孟玄\OneDrive\文件\大四\Parallel Computing\Parallel-Computing-Final-Project\SFML\include\SFML/Graphics/RectangleShape.hpp(102): warning : field of class type without a DLL interface used in a class with a DLL interface
  
C:\Users\史孟玄\OneDrive\文件\大四\Parallel Computing\Parallel-Computing-Final-Project\SFML\include\SFML/Graphics/View.hpp(272): warning : field of class type without a DLL interface used in a class with a DLL interface
  
C:\Users\史孟玄\OneDrive\文件\大四\Parallel Computing\Parallel-Computing-Final-Project\SFML\include\SFML/Graphics/View.hpp(273): warning : field of class type without a DLL interface used in a class with a DLL interface
  
C:\Users\史孟玄\OneDrive\文件\大四\Parallel Computing\Parallel-Computing-Final-Project\SFML\include\SFML/Graphics/View.hpp(275): warning : field of class type without a DLL interface used in a class with a DLL interface
  
C:\Users\史孟玄\OneDrive\文件\大四\Parallel Computing\Parallel-Computing-Final-Project\SFML\include\SFML/Graphics/RenderTarget.hpp(476): warning : field of class type without a DLL interface used in a class with a DLL interface
  
C:\Users\史孟玄\OneDrive\文件\大四\Parallel Computing\Parallel-Computing-Final-Project\SFML\include\SFML/Graphics/Shader.hpp(750): warning : field of class type without a DLL interface used in a class with a DLL interface
  
C:\Users\史孟玄\OneDrive\文件\大四\Parallel Computing\Parallel-Computing-Final-Project\SFML\include\SFML/Graphics/Shader.hpp(751): warning : field of class type without a DLL interface used in a class with a DLL interface
  
C:\Users\史孟玄\OneDrive\文件\大四\Parallel Computing\Parallel-Computing-Final-Project\SFML\include\SFML/Graphics/Sprite.hpp(220): warning : field of class type without a DLL interface used in a class with a DLL interface
  
C:\Users\史孟玄\OneDrive\文件\大四\Parallel Computing\Parallel-Computing-Final-Project\SFML\include\SFML/Graphics/Text.hpp(449): warning : field of class type without a DLL interface used in a class with a DLL interface
  
  kernel.cu
C:/Users/史孟玄/OneDrive/文件/大四/Parallel Computing/Parallel-Computing-Final-Project/CUDA_FluidSimulation/kernel.cu(295): warning C4305: '正在初始化': 從 'double' 轉換為 'float'，是由較大的類型轉換為較小的類型，可能導致資料遺失
C:/Users/史孟玄/OneDrive/文件/大四/Parallel Computing/Parallel-Computing-Final-Project/CUDA_FluidSimulation/kernel.cu(317): warning C4244: '引數': 將 'T' 轉換為 'float'，由於類型不同，可能導致資料遺失
          with
          [
              T=int
          ]
C:/Users/史孟玄/OneDrive/文件/大四/Parallel Computing/Parallel-Computing-Final-Project/CUDA_FluidSimulation/kernel.cu(317): warning C4244: '引數': 將 'T' 轉換為 'float'，由於類型不同，可能導致資料遺失
          with
          [
              T=int
          ]
C:/Users/史孟玄/OneDrive/文件/大四/Parallel Computing/Parallel-Computing-Final-Project/CUDA_FluidSimulation/kernel.cu(318): warning C4244: '引數': 將 'T' 轉換為 'float'，由於類型不同，可能導致資料遺失
          with
          [
              T=int
          ]
C:/Users/史孟玄/OneDrive/文件/大四/Parallel Computing/Parallel-Computing-Final-Project/CUDA_FluidSimulation/kernel.cu(318): warning C4244: '引數': 將 'T' 轉換為 'float'，由於類型不同，可能導致資料遺失
          with
          [
              T=int
          ]
  CUDA_FluidSimulation.vcxproj -> C:\Users\史孟玄\OneDrive\文件\大四\Parallel Computing\Parallel-Computing-Final-Project\CUDA_FluidSimulation\x64\Debug\CUDA_FluidSimulation.exe
